2025-12-12 09:17:32,648 - INFO - Monitor started.
2025-12-12 18:07:43,986 - WARNING - Integrity violation detected in /home/geehong/firemarkets-app/frontend/postcss.config.js
2025-12-12 18:07:43,989 - INFO - RESTORED: /home/geehong/firemarkets-app/frontend/postcss.config.js was recovered to healthy state.
2025-12-12 18:07:43,991 - WARNING - Integrity violation detected in /home/geehong/firemarkets-app/frontend/prettier.config.js
2025-12-12 18:07:43,992 - INFO - RESTORED: /home/geehong/firemarkets-app/frontend/prettier.config.js was recovered to healthy state.
2025-12-12 18:32:59,352 - WARNING - Integrity violation detected in /home/geehong/firemarkets-app/frontend/postcss.config.js
2025-12-12 18:32:59,352 - INFO - RESTORED: /home/geehong/firemarkets-app/frontend/postcss.config.js was recovered to healthy state.
2025-12-12 18:32:59,353 - WARNING - Integrity violation detected in /home/geehong/firemarkets-app/frontend/prettier.config.js
2025-12-12 18:32:59,353 - INFO - RESTORED: /home/geehong/firemarkets-app/frontend/prettier.config.js was recovered to healthy state.
2025-12-13 02:50:21,158 - WARNING - Integrity violation detected in /home/geehong/firemarkets-app/frontend/postcss.config.js
2025-12-13 02:50:21,158 - INFO - RESTORED: /home/geehong/firemarkets-app/frontend/postcss.config.js was recovered to healthy state.
2025-12-13 02:50:21,158 - WARNING - Integrity violation detected in /home/geehong/firemarkets-app/frontend/prettier.config.js
2025-12-13 02:50:21,159 - INFO - RESTORED: /home/geehong/firemarkets-app/frontend/prettier.config.js was recovered to healthy state.
2025-12-13 03:15:47,508 - WARNING - Integrity violation detected in /home/geehong/firemarkets-app/frontend/postcss.config.js
2025-12-13 03:15:47,509 - INFO - RESTORED: /home/geehong/firemarkets-app/frontend/postcss.config.js was recovered to healthy state.
2025-12-13 03:15:47,509 - WARNING - Integrity violation detected in /home/geehong/firemarkets-app/frontend/prettier.config.js
2025-12-13 03:15:47,509 - INFO - RESTORED: /home/geehong/firemarkets-app/frontend/prettier.config.js was recovered to healthy state.
2025-12-13 03:41:09,866 - WARNING - Integrity violation detected in /home/geehong/firemarkets-app/frontend/postcss.config.js
2025-12-13 03:41:09,866 - INFO - RESTORED: /home/geehong/firemarkets-app/frontend/postcss.config.js was recovered to healthy state.
2025-12-13 03:41:09,866 - WARNING - Integrity violation detected in /home/geehong/firemarkets-app/frontend/prettier.config.js
2025-12-13 03:41:09,867 - INFO - RESTORED: /home/geehong/firemarkets-app/frontend/prettier.config.js was recovered to healthy state.
2025-12-13 04:06:27,229 - WARNING - Integrity violation detected in /home/geehong/firemarkets-app/frontend/postcss.config.js
2025-12-13 04:06:27,229 - INFO - RESTORED: /home/geehong/firemarkets-app/frontend/postcss.config.js was recovered to healthy state.
2025-12-13 04:06:27,229 - WARNING - Integrity violation detected in /home/geehong/firemarkets-app/frontend/prettier.config.js
2025-12-13 04:06:27,230 - INFO - RESTORED: /home/geehong/firemarkets-app/frontend/prettier.config.js was recovered to healthy state.
2025-12-13 04:31:40,583 - WARNING - Integrity violation detected in /home/geehong/firemarkets-app/frontend/postcss.config.js
2025-12-13 04:31:40,583 - INFO - RESTORED: /home/geehong/firemarkets-app/frontend/postcss.config.js was recovered to healthy state.
2025-12-13 04:31:40,583 - WARNING - Integrity violation detected in /home/geehong/firemarkets-app/frontend/prettier.config.js
2025-12-13 04:31:40,584 - INFO - RESTORED: /home/geehong/firemarkets-app/frontend/prettier.config.js was recovered to healthy state.
2025-12-13 04:56:49,926 - WARNING - Integrity violation detected in /home/geehong/firemarkets-app/frontend/postcss.config.js
2025-12-13 04:56:49,926 - INFO - RESTORED: /home/geehong/firemarkets-app/frontend/postcss.config.js was recovered to healthy state.
2025-12-13 04:56:49,926 - WARNING - Integrity violation detected in /home/geehong/firemarkets-app/frontend/prettier.config.js
2025-12-13 04:56:49,926 - INFO - RESTORED: /home/geehong/firemarkets-app/frontend/prettier.config.js was recovered to healthy state.
2025-12-13 05:21:35,261 - WARNING - Integrity violation detected in /home/geehong/firemarkets-app/frontend/postcss.config.js
2025-12-13 05:21:35,261 - INFO - RESTORED: /home/geehong/firemarkets-app/frontend/postcss.config.js was recovered to healthy state.
2025-12-13 05:21:35,261 - WARNING - Integrity violation detected in /home/geehong/firemarkets-app/frontend/prettier.config.js
2025-12-13 05:21:35,261 - INFO - RESTORED: /home/geehong/firemarkets-app/frontend/prettier.config.js was recovered to healthy state.
2025-12-13 05:46:01,604 - WARNING - Integrity violation detected in /home/geehong/firemarkets-app/frontend/postcss.config.js
2025-12-13 05:46:01,604 - INFO - RESTORED: /home/geehong/firemarkets-app/frontend/postcss.config.js was recovered to healthy state.
2025-12-13 05:46:01,604 - WARNING - Integrity violation detected in /home/geehong/firemarkets-app/frontend/prettier.config.js
2025-12-13 05:46:01,604 - INFO - RESTORED: /home/geehong/firemarkets-app/frontend/prettier.config.js was recovered to healthy state.
2025-12-13 06:10:14,961 - WARNING - Integrity violation detected in /home/geehong/firemarkets-app/frontend/postcss.config.js
2025-12-13 06:10:14,961 - INFO - RESTORED: /home/geehong/firemarkets-app/frontend/postcss.config.js was recovered to healthy state.
2025-12-13 06:10:14,961 - WARNING - Integrity violation detected in /home/geehong/firemarkets-app/frontend/prettier.config.js
2025-12-13 06:10:14,961 - INFO - RESTORED: /home/geehong/firemarkets-app/frontend/prettier.config.js was recovered to healthy state.
2025-12-13 06:35:05,333 - WARNING - Integrity violation detected in /home/geehong/firemarkets-app/frontend/postcss.config.js
2025-12-13 06:35:05,333 - INFO - RESTORED: /home/geehong/firemarkets-app/frontend/postcss.config.js was recovered to healthy state.
2025-12-13 06:35:05,333 - WARNING - Integrity violation detected in /home/geehong/firemarkets-app/frontend/prettier.config.js
2025-12-13 06:35:05,333 - INFO - RESTORED: /home/geehong/firemarkets-app/frontend/prettier.config.js was recovered to healthy state.
2025-12-13 06:59:32,683 - WARNING - Integrity violation detected in /home/geehong/firemarkets-app/frontend/postcss.config.js
2025-12-13 06:59:32,683 - INFO - RESTORED: /home/geehong/firemarkets-app/frontend/postcss.config.js was recovered to healthy state.
2025-12-13 06:59:32,684 - WARNING - Integrity violation detected in /home/geehong/firemarkets-app/frontend/prettier.config.js
2025-12-13 06:59:32,684 - INFO - RESTORED: /home/geehong/firemarkets-app/frontend/prettier.config.js was recovered to healthy state.
2025-12-13 07:23:45,030 - WARNING - Integrity violation detected in /home/geehong/firemarkets-app/frontend/postcss.config.js
2025-12-13 07:23:45,032 - INFO - RESTORED: /home/geehong/firemarkets-app/frontend/postcss.config.js was recovered to healthy state.
2025-12-13 07:23:45,032 - WARNING - Integrity violation detected in /home/geehong/firemarkets-app/frontend/prettier.config.js
2025-12-13 07:23:45,032 - INFO - RESTORED: /home/geehong/firemarkets-app/frontend/prettier.config.js was recovered to healthy state.
2025-12-13 07:47:48,407 - WARNING - Integrity violation detected in /home/geehong/firemarkets-app/frontend/postcss.config.js
2025-12-13 07:47:48,408 - INFO - RESTORED: /home/geehong/firemarkets-app/frontend/postcss.config.js was recovered to healthy state.
2025-12-13 07:47:48,408 - WARNING - Integrity violation detected in /home/geehong/firemarkets-app/frontend/prettier.config.js
2025-12-13 07:47:48,408 - INFO - RESTORED: /home/geehong/firemarkets-app/frontend/prettier.config.js was recovered to healthy state.
2025-12-13 08:11:50,756 - WARNING - Integrity violation detected in /home/geehong/firemarkets-app/frontend/postcss.config.js
2025-12-13 08:11:50,757 - INFO - RESTORED: /home/geehong/firemarkets-app/frontend/postcss.config.js was recovered to healthy state.
2025-12-13 08:11:50,758 - WARNING - Integrity violation detected in /home/geehong/firemarkets-app/frontend/prettier.config.js
2025-12-13 08:11:50,758 - INFO - RESTORED: /home/geehong/firemarkets-app/frontend/prettier.config.js was recovered to healthy state.
2025-12-13 08:35:51,112 - WARNING - Integrity violation detected in /home/geehong/firemarkets-app/frontend/postcss.config.js
2025-12-13 08:35:51,113 - INFO - RESTORED: /home/geehong/firemarkets-app/frontend/postcss.config.js was recovered to healthy state.
2025-12-13 08:35:51,113 - WARNING - Integrity violation detected in /home/geehong/firemarkets-app/frontend/prettier.config.js
2025-12-13 08:35:51,113 - INFO - RESTORED: /home/geehong/firemarkets-app/frontend/prettier.config.js was recovered to healthy state.
2025-12-13 08:59:58,462 - WARNING - Integrity violation detected in /home/geehong/firemarkets-app/frontend/postcss.config.js
2025-12-13 08:59:58,462 - INFO - RESTORED: /home/geehong/firemarkets-app/frontend/postcss.config.js was recovered to healthy state.
2025-12-13 08:59:58,464 - WARNING - Integrity violation detected in /home/geehong/firemarkets-app/frontend/prettier.config.js
2025-12-13 08:59:58,464 - INFO - RESTORED: /home/geehong/firemarkets-app/frontend/prettier.config.js was recovered to healthy state.
2025-12-13 09:24:02,814 - WARNING - Integrity violation detected in /home/geehong/firemarkets-app/frontend/postcss.config.js
2025-12-13 09:24:02,815 - INFO - RESTORED: /home/geehong/firemarkets-app/frontend/postcss.config.js was recovered to healthy state.
2025-12-13 09:24:02,815 - WARNING - Integrity violation detected in /home/geehong/firemarkets-app/frontend/prettier.config.js
2025-12-13 09:24:02,815 - INFO - RESTORED: /home/geehong/firemarkets-app/frontend/prettier.config.js was recovered to healthy state.
2025-12-13 09:48:02,164 - WARNING - Integrity violation detected in /home/geehong/firemarkets-app/frontend/postcss.config.js
2025-12-13 09:48:02,164 - INFO - RESTORED: /home/geehong/firemarkets-app/frontend/postcss.config.js was recovered to healthy state.
2025-12-13 09:48:02,165 - WARNING - Integrity violation detected in /home/geehong/firemarkets-app/frontend/prettier.config.js
2025-12-13 09:48:02,165 - INFO - RESTORED: /home/geehong/firemarkets-app/frontend/prettier.config.js was recovered to healthy state.
2025-12-13 10:11:54,504 - WARNING - Integrity violation detected in /home/geehong/firemarkets-app/frontend/postcss.config.js
2025-12-13 10:11:54,504 - INFO - RESTORED: /home/geehong/firemarkets-app/frontend/postcss.config.js was recovered to healthy state.
2025-12-13 10:11:54,505 - WARNING - Integrity violation detected in /home/geehong/firemarkets-app/frontend/prettier.config.js
2025-12-13 10:11:54,505 - INFO - RESTORED: /home/geehong/firemarkets-app/frontend/prettier.config.js was recovered to healthy state.
2025-12-13 10:35:57,849 - WARNING - Integrity violation detected in /home/geehong/firemarkets-app/frontend/postcss.config.js
2025-12-13 10:35:57,850 - INFO - RESTORED: /home/geehong/firemarkets-app/frontend/postcss.config.js was recovered to healthy state.
2025-12-13 10:35:57,850 - WARNING - Integrity violation detected in /home/geehong/firemarkets-app/frontend/prettier.config.js
2025-12-13 10:35:57,850 - INFO - RESTORED: /home/geehong/firemarkets-app/frontend/prettier.config.js was recovered to healthy state.
2025-12-13 10:59:45,185 - WARNING - Integrity violation detected in /home/geehong/firemarkets-app/frontend/postcss.config.js
2025-12-13 10:59:45,185 - INFO - RESTORED: /home/geehong/firemarkets-app/frontend/postcss.config.js was recovered to healthy state.
2025-12-13 10:59:45,185 - WARNING - Integrity violation detected in /home/geehong/firemarkets-app/frontend/prettier.config.js
2025-12-13 10:59:45,185 - INFO - RESTORED: /home/geehong/firemarkets-app/frontend/prettier.config.js was recovered to healthy state.
2025-12-13 11:23:32,546 - WARNING - Integrity violation detected in /home/geehong/firemarkets-app/frontend/postcss.config.js
2025-12-13 11:23:32,546 - INFO - RESTORED: /home/geehong/firemarkets-app/frontend/postcss.config.js was recovered to healthy state.
2025-12-13 11:23:32,547 - WARNING - Integrity violation detected in /home/geehong/firemarkets-app/frontend/prettier.config.js
2025-12-13 11:23:32,547 - INFO - RESTORED: /home/geehong/firemarkets-app/frontend/prettier.config.js was recovered to healthy state.
2025-12-13 11:47:20,890 - WARNING - Integrity violation detected in /home/geehong/firemarkets-app/frontend/postcss.config.js
2025-12-13 11:47:20,891 - INFO - RESTORED: /home/geehong/firemarkets-app/frontend/postcss.config.js was recovered to healthy state.
2025-12-13 11:47:20,891 - WARNING - Integrity violation detected in /home/geehong/firemarkets-app/frontend/prettier.config.js
2025-12-13 11:47:20,891 - INFO - RESTORED: /home/geehong/firemarkets-app/frontend/prettier.config.js was recovered to healthy state.
2025-12-13 12:11:04,242 - WARNING - Integrity violation detected in /home/geehong/firemarkets-app/frontend/postcss.config.js
2025-12-13 12:11:04,243 - INFO - RESTORED: /home/geehong/firemarkets-app/frontend/postcss.config.js was recovered to healthy state.
2025-12-13 12:11:04,243 - WARNING - Integrity violation detected in /home/geehong/firemarkets-app/frontend/prettier.config.js
2025-12-13 12:11:04,243 - INFO - RESTORED: /home/geehong/firemarkets-app/frontend/prettier.config.js was recovered to healthy state.
2025-12-13 12:34:40,589 - WARNING - Integrity violation detected in /home/geehong/firemarkets-app/frontend/postcss.config.js
2025-12-13 12:34:40,589 - INFO - RESTORED: /home/geehong/firemarkets-app/frontend/postcss.config.js was recovered to healthy state.
2025-12-13 12:34:40,589 - WARNING - Integrity violation detected in /home/geehong/firemarkets-app/frontend/prettier.config.js
2025-12-13 12:34:40,590 - INFO - RESTORED: /home/geehong/firemarkets-app/frontend/prettier.config.js was recovered to healthy state.
2025-12-13 12:58:13,939 - WARNING - Integrity violation detected in /home/geehong/firemarkets-app/frontend/postcss.config.js
2025-12-13 12:58:13,939 - INFO - RESTORED: /home/geehong/firemarkets-app/frontend/postcss.config.js was recovered to healthy state.
2025-12-13 12:58:13,939 - WARNING - Integrity violation detected in /home/geehong/firemarkets-app/frontend/prettier.config.js
2025-12-13 12:58:13,939 - INFO - RESTORED: /home/geehong/firemarkets-app/frontend/prettier.config.js was recovered to healthy state.
2025-12-13 13:21:49,277 - WARNING - Integrity violation detected in /home/geehong/firemarkets-app/frontend/postcss.config.js
2025-12-13 13:21:49,277 - INFO - RESTORED: /home/geehong/firemarkets-app/frontend/postcss.config.js was recovered to healthy state.
2025-12-13 13:21:49,277 - WARNING - Integrity violation detected in /home/geehong/firemarkets-app/frontend/prettier.config.js
2025-12-13 13:21:49,277 - INFO - RESTORED: /home/geehong/firemarkets-app/frontend/prettier.config.js was recovered to healthy state.
2025-12-13 13:45:22,614 - WARNING - Integrity violation detected in /home/geehong/firemarkets-app/frontend/postcss.config.js
2025-12-13 13:45:22,615 - INFO - RESTORED: /home/geehong/firemarkets-app/frontend/postcss.config.js was recovered to healthy state.
2025-12-13 13:45:22,615 - WARNING - Integrity violation detected in /home/geehong/firemarkets-app/frontend/prettier.config.js
2025-12-13 13:45:22,615 - INFO - RESTORED: /home/geehong/firemarkets-app/frontend/prettier.config.js was recovered to healthy state.
2025-12-13 14:08:56,957 - WARNING - Integrity violation detected in /home/geehong/firemarkets-app/frontend/postcss.config.js
2025-12-13 14:08:56,957 - INFO - RESTORED: /home/geehong/firemarkets-app/frontend/postcss.config.js was recovered to healthy state.
Starting Real-time File Integrity Monitor...
Monitoring 2 critical files.
[2025-12-12 18:07:43.989627] ALERT: Malicious change detected and BLOCKED in /home/geehong/firemarkets-app/frontend/postcss.config.js
[2025-12-12 18:07:43.992143] ALERT: Malicious change detected and BLOCKED in /home/geehong/firemarkets-app/frontend/prettier.config.js
[2025-12-12 18:32:59.352989] ALERT: Malicious change detected and BLOCKED in /home/geehong/firemarkets-app/frontend/postcss.config.js
[2025-12-12 18:32:59.353284] ALERT: Malicious change detected and BLOCKED in /home/geehong/firemarkets-app/frontend/prettier.config.js
[2025-12-13 02:50:21.158810] ALERT: Malicious change detected and BLOCKED in /home/geehong/firemarkets-app/frontend/postcss.config.js
[2025-12-13 02:50:21.159221] ALERT: Malicious change detected and BLOCKED in /home/geehong/firemarkets-app/frontend/prettier.config.js
[2025-12-13 03:15:47.509202] ALERT: Malicious change detected and BLOCKED in /home/geehong/firemarkets-app/frontend/postcss.config.js
[2025-12-13 03:15:47.509643] ALERT: Malicious change detected and BLOCKED in /home/geehong/firemarkets-app/frontend/prettier.config.js
[2025-12-13 03:41:09.866827] ALERT: Malicious change detected and BLOCKED in /home/geehong/firemarkets-app/frontend/postcss.config.js
[2025-12-13 03:41:09.867186] ALERT: Malicious change detected and BLOCKED in /home/geehong/firemarkets-app/frontend/prettier.config.js
[2025-12-13 04:06:27.229833] ALERT: Malicious change detected and BLOCKED in /home/geehong/firemarkets-app/frontend/postcss.config.js
[2025-12-13 04:06:27.230216] ALERT: Malicious change detected and BLOCKED in /home/geehong/firemarkets-app/frontend/prettier.config.js
[2025-12-13 04:31:40.583709] ALERT: Malicious change detected and BLOCKED in /home/geehong/firemarkets-app/frontend/postcss.config.js
[2025-12-13 04:31:40.584119] ALERT: Malicious change detected and BLOCKED in /home/geehong/firemarkets-app/frontend/prettier.config.js
[2025-12-13 04:56:49.926395] ALERT: Malicious change detected and BLOCKED in /home/geehong/firemarkets-app/frontend/postcss.config.js
[2025-12-13 04:56:49.926752] ALERT: Malicious change detected and BLOCKED in /home/geehong/firemarkets-app/frontend/prettier.config.js
[2025-12-13 05:21:35.261415] ALERT: Malicious change detected and BLOCKED in /home/geehong/firemarkets-app/frontend/postcss.config.js
[2025-12-13 05:21:35.261827] ALERT: Malicious change detected and BLOCKED in /home/geehong/firemarkets-app/frontend/prettier.config.js
[2025-12-13 05:46:01.604676] ALERT: Malicious change detected and BLOCKED in /home/geehong/firemarkets-app/frontend/postcss.config.js
[2025-12-13 05:46:01.604982] ALERT: Malicious change detected and BLOCKED in /home/geehong/firemarkets-app/frontend/prettier.config.js
[2025-12-13 06:10:14.961258] ALERT: Malicious change detected and BLOCKED in /home/geehong/firemarkets-app/frontend/postcss.config.js
[2025-12-13 06:10:14.961517] ALERT: Malicious change detected and BLOCKED in /home/geehong/firemarkets-app/frontend/prettier.config.js
[2025-12-13 06:35:05.333351] ALERT: Malicious change detected and BLOCKED in /home/geehong/firemarkets-app/frontend/postcss.config.js
[2025-12-13 06:35:05.333689] ALERT: Malicious change detected and BLOCKED in /home/geehong/firemarkets-app/frontend/prettier.config.js
[2025-12-13 06:59:32.683733] ALERT: Malicious change detected and BLOCKED in /home/geehong/firemarkets-app/frontend/postcss.config.js
[2025-12-13 06:59:32.685008] ALERT: Malicious change detected and BLOCKED in /home/geehong/firemarkets-app/frontend/prettier.config.js
[2025-12-13 07:23:45.032278] ALERT: Malicious change detected and BLOCKED in /home/geehong/firemarkets-app/frontend/postcss.config.js
[2025-12-13 07:23:45.032629] ALERT: Malicious change detected and BLOCKED in /home/geehong/firemarkets-app/frontend/prettier.config.js
[2025-12-13 07:47:48.408253] ALERT: Malicious change detected and BLOCKED in /home/geehong/firemarkets-app/frontend/postcss.config.js
[2025-12-13 07:47:48.408691] ALERT: Malicious change detected and BLOCKED in /home/geehong/firemarkets-app/frontend/prettier.config.js
[2025-12-13 08:11:50.758050] ALERT: Malicious change detected and BLOCKED in /home/geehong/firemarkets-app/frontend/postcss.config.js
[2025-12-13 08:11:50.758500] ALERT: Malicious change detected and BLOCKED in /home/geehong/firemarkets-app/frontend/prettier.config.js
[2025-12-13 08:35:51.113340] ALERT: Malicious change detected and BLOCKED in /home/geehong/firemarkets-app/frontend/postcss.config.js
[2025-12-13 08:35:51.113744] ALERT: Malicious change detected and BLOCKED in /home/geehong/firemarkets-app/frontend/prettier.config.js
[2025-12-13 08:59:58.462887] ALERT: Malicious change detected and BLOCKED in /home/geehong/firemarkets-app/frontend/postcss.config.js
[2025-12-13 08:59:58.464767] ALERT: Malicious change detected and BLOCKED in /home/geehong/firemarkets-app/frontend/prettier.config.js
[2025-12-13 09:24:02.815131] ALERT: Malicious change detected and BLOCKED in /home/geehong/firemarkets-app/frontend/postcss.config.js
[2025-12-13 09:24:02.815598] ALERT: Malicious change detected and BLOCKED in /home/geehong/firemarkets-app/frontend/prettier.config.js
[2025-12-13 09:48:02.164900] ALERT: Malicious change detected and BLOCKED in /home/geehong/firemarkets-app/frontend/postcss.config.js
[2025-12-13 09:48:02.165391] ALERT: Malicious change detected and BLOCKED in /home/geehong/firemarkets-app/frontend/prettier.config.js
[2025-12-13 10:11:54.505018] ALERT: Malicious change detected and BLOCKED in /home/geehong/firemarkets-app/frontend/postcss.config.js
[2025-12-13 10:11:54.505439] ALERT: Malicious change detected and BLOCKED in /home/geehong/firemarkets-app/frontend/prettier.config.js
[2025-12-13 10:35:57.850297] ALERT: Malicious change detected and BLOCKED in /home/geehong/firemarkets-app/frontend/postcss.config.js
[2025-12-13 10:35:57.850680] ALERT: Malicious change detected and BLOCKED in /home/geehong/firemarkets-app/frontend/prettier.config.js
[2025-12-13 10:59:45.185413] ALERT: Malicious change detected and BLOCKED in /home/geehong/firemarkets-app/frontend/postcss.config.js
[2025-12-13 10:59:45.185754] ALERT: Malicious change detected and BLOCKED in /home/geehong/firemarkets-app/frontend/prettier.config.js
[2025-12-13 11:23:32.546912] ALERT: Malicious change detected and BLOCKED in /home/geehong/firemarkets-app/frontend/postcss.config.js
[2025-12-13 11:23:32.547336] ALERT: Malicious change detected and BLOCKED in /home/geehong/firemarkets-app/frontend/prettier.config.js
[2025-12-13 11:47:20.891292] ALERT: Malicious change detected and BLOCKED in /home/geehong/firemarkets-app/frontend/postcss.config.js
[2025-12-13 11:47:20.891709] ALERT: Malicious change detected and BLOCKED in /home/geehong/firemarkets-app/frontend/prettier.config.js
[2025-12-13 12:11:04.243170] ALERT: Malicious change detected and BLOCKED in /home/geehong/firemarkets-app/frontend/postcss.config.js
[2025-12-13 12:11:04.243567] ALERT: Malicious change detected and BLOCKED in /home/geehong/firemarkets-app/frontend/prettier.config.js
[2025-12-13 12:34:40.589697] ALERT: Malicious change detected and BLOCKED in /home/geehong/firemarkets-app/frontend/postcss.config.js
[2025-12-13 12:34:40.590138] ALERT: Malicious change detected and BLOCKED in /home/geehong/firemarkets-app/frontend/prettier.config.js
[2025-12-13 12:58:13.939388] ALERT: Malicious change detected and BLOCKED in /home/geehong/firemarkets-app/frontend/postcss.config.js
[2025-12-13 12:58:13.939695] ALERT: Malicious change detected and BLOCKED in /home/geehong/firemarkets-app/frontend/prettier.config.js
[2025-12-13 13:21:49.277553] ALERT: Malicious change detected and BLOCKED in /home/geehong/firemarkets-app/frontend/postcss.config.js
[2025-12-13 13:21:49.277977] ALERT: Malicious change detected and BLOCKED in /home/geehong/firemarkets-app/frontend/prettier.config.js
[2025-12-13 13:45:22.615043] ALERT: Malicious change detected and BLOCKED in /home/geehong/firemarkets-app/frontend/postcss.config.js
[2025-12-13 13:45:22.615328] ALERT: Malicious change detected and BLOCKED in /home/geehong/firemarkets-app/frontend/prettier.config.js
[2025-12-13 14:08:56.957734] ALERT: Malicious change detected and BLOCKED in /home/geehong/firemarkets-app/frontend/postcss.config.js2025-12-13 14:08:56,957 - WARNING - Integrity violation detected in /home/geehong/firemarkets-app/frontend/prettier.config.js
2025-12-13 14:08:56,958 - INFO - RESTORED: /home/geehong/firemarkets-app/frontend/prettier.config.js was recovered to healthy state.
2025-12-13 14:32:30,298 - WARNING - Integrity violation detected in /home/geehong/firemarkets-app/frontend/postcss.config.js
2025-12-13 14:32:30,298 - INFO - RESTORED: /home/geehong/firemarkets-app/frontend/postcss.config.js was recovered to healthy state.
2025-12-13 14:32:30,298 - WARNING - Integrity violation detected in /home/geehong/firemarkets-app/frontend/prettier.config.js
2025-12-13 14:32:30,298 - INFO - RESTORED: /home/geehong/firemarkets-app/frontend/prettier.config.js was recovered to healthy state.
2025-12-13 14:56:02,646 - WARNING - Integrity violation detected in /home/geehong/firemarkets-app/frontend/postcss.config.js
2025-12-13 14:56:02,647 - INFO - RESTORED: /home/geehong/firemarkets-app/frontend/postcss.config.js was recovered to healthy state.
2025-12-13 14:56:02,647 - WARNING - Integrity violation detected in /home/geehong/firemarkets-app/frontend/prettier.config.js
2025-12-13 14:56:02,647 - INFO - RESTORED: /home/geehong/firemarkets-app/frontend/prettier.config.js was recovered to healthy state.
2025-12-13 15:19:30,991 - WARNING - Integrity violation detected in /home/geehong/firemarkets-app/frontend/postcss.config.js
2025-12-13 15:19:30,991 - INFO - RESTORED: /home/geehong/firemarkets-app/frontend/postcss.config.js was recovered to healthy state.
2025-12-13 15:19:30,991 - WARNING - Integrity violation detected in /home/geehong/firemarkets-app/frontend/prettier.config.js
2025-12-13 15:19:30,991 - INFO - RESTORED: /home/geehong/firemarkets-app/frontend/prettier.config.js was recovered to healthy state.
2025-12-13 15:43:00,325 - WARNING - Integrity violation detected in /home/geehong/firemarkets-app/frontend/postcss.config.js
2025-12-13 15:43:00,325 - INFO - RESTORED: /home/geehong/firemarkets-app/frontend/postcss.config.js was recovered to healthy state.
2025-12-13 15:43:00,325 - WARNING - Integrity violation detected in /home/geehong/firemarkets-app/frontend/prettier.config.js
2025-12-13 15:43:00,326 - INFO - RESTORED: /home/geehong/firemarkets-app/frontend/prettier.config.js was recovered to healthy state.
2025-12-13 16:06:27,652 - WARNING - Integrity violation detected in /home/geehong/firemarkets-app/frontend/postcss.config.js
2025-12-13 16:06:27,653 - INFO - RESTORED: /home/geehong/firemarkets-app/frontend/postcss.config.js was recovered to healthy state.
2025-12-13 16:06:27,653 - WARNING - Integrity violation detected in /home/geehong/firemarkets-app/frontend/prettier.config.js
2025-12-13 16:06:27,653 - INFO - RESTORED: /home/geehong/firemarkets-app/frontend/prettier.config.js was recovered to healthy state.
2025-12-13 16:29:53,987 - WARNING - Integrity violation detected in /home/geehong/firemarkets-app/frontend/postcss.config.js
2025-12-13 16:29:53,987 - INFO - RESTORED: /home/geehong/firemarkets-app/frontend/postcss.config.js was recovered to healthy state.
2025-12-13 16:29:53,987 - WARNING - Integrity violation detected in /home/geehong/firemarkets-app/frontend/prettier.config.js
2025-12-13 16:29:53,988 - INFO - RESTORED: /home/geehong/firemarkets-app/frontend/prettier.config.js was recovered to healthy state.
2025-12-13 16:53:19,324 - WARNING - Integrity violation detected in /home/geehong/firemarkets-app/frontend/postcss.config.js
2025-12-13 16:53:19,325 - INFO - RESTORED: /home/geehong/firemarkets-app/frontend/postcss.config.js was recovered to healthy state.
2025-12-13 16:53:19,325 - WARNING - Integrity violation detected in /home/geehong/firemarkets-app/frontend/prettier.config.js
2025-12-13 16:53:19,325 - INFO - RESTORED: /home/geehong/firemarkets-app/frontend/prettier.config.js was recovered to healthy state.
2025-12-13 17:16:43,667 - WARNING - Integrity violation detected in /home/geehong/firemarkets-app/frontend/postcss.config.js
2025-12-13 17:16:43,667 - INFO - RESTORED: /home/geehong/firemarkets-app/frontend/postcss.config.js was recovered to healthy state.
2025-12-13 17:16:43,667 - WARNING - Integrity violation detected in /home/geehong/firemarkets-app/frontend/prettier.config.js
2025-12-13 17:16:43,667 - INFO - RESTORED: /home/geehong/firemarkets-app/frontend/prettier.config.js was recovered to healthy state.
2025-12-13 17:40:08,996 - WARNING - Integrity violation detected in /home/geehong/firemarkets-app/frontend/postcss.config.js
2025-12-13 17:40:08,996 - INFO - RESTORED: /home/geehong/firemarkets-app/frontend/postcss.config.js was recovered to healthy state.
2025-12-13 17:40:08,996 - WARNING - Integrity violation detected in /home/geehong/firemarkets-app/frontend/prettier.config.js
2025-12-13 17:40:08,996 - INFO - RESTORED: /home/geehong/firemarkets-app/frontend/prettier.config.js was recovered to healthy state.
2025-12-13 18:03:26,329 - WARNING - Integrity violation detected in /home/geehong/firemarkets-app/frontend/postcss.config.js
2025-12-13 18:03:26,329 - INFO - RESTORED: /home/geehong/firemarkets-app/frontend/postcss.config.js was recovered to healthy state.
2025-12-13 18:03:26,329 - WARNING - Integrity violation detected in /home/geehong/firemarkets-app/frontend/prettier.config.js
2025-12-13 18:03:26,329 - INFO - RESTORED: /home/geehong/firemarkets-app/frontend/prettier.config.js was recovered to healthy state.
2025-12-13 18:26:40,661 - WARNING - Integrity violation detected in /home/geehong/firemarkets-app/frontend/postcss.config.js
2025-12-13 18:26:40,661 - INFO - RESTORED: /home/geehong/firemarkets-app/frontend/postcss.config.js was recovered to healthy state.
2025-12-13 18:26:40,662 - WARNING - Integrity violation detected in /home/geehong/firemarkets-app/frontend/prettier.config.js
2025-12-13 18:26:40,662 - INFO - RESTORED: /home/geehong/firemarkets-app/frontend/prettier.config.js was recovered to healthy state.
2025-12-13 18:50:03,016 - WARNING - Integrity violation detected in /home/geehong/firemarkets-app/frontend/postcss.config.js
2025-12-13 18:50:03,016 - INFO - RESTORED: /home/geehong/firemarkets-app/frontend/postcss.config.js was recovered to healthy state.
2025-12-13 18:50:03,016 - WARNING - Integrity violation detected in /home/geehong/firemarkets-app/frontend/prettier.config.js
2025-12-13 18:50:03,016 - INFO - RESTORED: /home/geehong/firemarkets-app/frontend/prettier.config.js was recovered to healthy state.
2025-12-13 19:13:18,363 - WARNING - Integrity violation detected in /home/geehong/firemarkets-app/frontend/postcss.config.js
2025-12-13 19:13:18,363 - INFO - RESTORED: /home/geehong/firemarkets-app/frontend/postcss.config.js was recovered to healthy state.
2025-12-13 19:13:18,364 - WARNING - Integrity violation detected in /home/geehong/firemarkets-app/frontend/prettier.config.js
2025-12-13 19:13:18,364 - INFO - RESTORED: /home/geehong/firemarkets-app/frontend/prettier.config.js was recovered to healthy state.
2025-12-13 19:36:30,707 - WARNING - Integrity violation detected in /home/geehong/firemarkets-app/frontend/postcss.config.js
2025-12-13 19:36:30,708 - INFO - RESTORED: /home/geehong/firemarkets-app/frontend/postcss.config.js was recovered to healthy state.
2025-12-13 19:36:30,708 - WARNING - Integrity violation detected in /home/geehong/firemarkets-app/frontend/prettier.config.js
2025-12-13 19:36:30,708 - INFO - RESTORED: /home/geehong/firemarkets-app/frontend/prettier.config.js was recovered to healthy state.
2025-12-13 19:59:47,048 - WARNING - Integrity violation detected in /home/geehong/firemarkets-app/frontend/postcss.config.js
2025-12-13 19:59:47,049 - INFO - RESTORED: /home/geehong/firemarkets-app/frontend/postcss.config.js was recovered to healthy state.
2025-12-13 19:59:47,049 - WARNING - Integrity violation detected in /home/geehong/firemarkets-app/frontend/prettier.config.js
2025-12-13 19:59:47,049 - INFO - RESTORED: /home/geehong/firemarkets-app/frontend/prettier.config.js was recovered to healthy state.
2025-12-13 20:23:05,384 - WARNING - Integrity violation detected in /home/geehong/firemarkets-app/frontend/postcss.config.js
2025-12-13 20:23:05,385 - INFO - RESTORED: /home/geehong/firemarkets-app/frontend/postcss.config.js was recovered to healthy state.
2025-12-13 20:23:05,385 - WARNING - Integrity violation detected in /home/geehong/firemarkets-app/frontend/prettier.config.js
2025-12-13 20:23:05,385 - INFO - RESTORED: /home/geehong/firemarkets-app/frontend/prettier.config.js was recovered to healthy state.
2025-12-13 20:46:18,711 - WARNING - Integrity violation detected in /home/geehong/firemarkets-app/frontend/postcss.config.js
2025-12-13 20:46:18,711 - INFO - RESTORED: /home/geehong/firemarkets-app/frontend/postcss.config.js was recovered to healthy state.
2025-12-13 20:46:18,711 - WARNING - Integrity violation detected in /home/geehong/firemarkets-app/frontend/prettier.config.js
2025-12-13 20:46:18,712 - INFO - RESTORED: /home/geehong/firemarkets-app/frontend/prettier.config.js was recovered to healthy state.
2025-12-13 21:09:29,041 - WARNING - Integrity violation detected in /home/geehong/firemarkets-app/frontend/postcss.config.js
2025-12-13 21:09:29,041 - INFO - RESTORED: /home/geehong/firemarkets-app/frontend/postcss.config.js was recovered to healthy state.
2025-12-13 21:09:29,041 - WARNING - Integrity violation detected in /home/geehong/firemarkets-app/frontend/prettier.config.js
2025-12-13 21:09:29,041 - INFO - RESTORED: /home/geehong/firemarkets-app/frontend/prettier.config.js was recovered to healthy state.
2025-12-13 21:32:44,391 - WARNING - Integrity violation detected in /home/geehong/firemarkets-app/frontend/postcss.config.js
2025-12-13 21:32:44,391 - INFO - RESTORED: /home/geehong/firemarkets-app/frontend/postcss.config.js was recovered to healthy state.
2025-12-13 21:32:44,392 - WARNING - Integrity violation detected in /home/geehong/firemarkets-app/frontend/prettier.config.js
2025-12-13 21:32:44,392 - INFO - RESTORED: /home/geehong/firemarkets-app/frontend/prettier.config.js was recovered to healthy state.
2025-12-13 21:56:01,717 - WARNING - Integrity violation detected in /home/geehong/firemarkets-app/frontend/postcss.config.js
2025-12-13 21:56:01,717 - INFO - RESTORED: /home/geehong/firemarkets-app/frontend/postcss.config.js was recovered to healthy state.
2025-12-13 21:56:01,718 - WARNING - Integrity violation detected in /home/geehong/firemarkets-app/frontend/prettier.config.js
2025-12-13 21:56:01,718 - INFO - RESTORED: /home/geehong/firemarkets-app/frontend/prettier.config.js was recovered to healthy state.
2025-12-13 22:19:28,051 - WARNING - Integrity violation detected in /home/geehong/firemarkets-app/frontend/postcss.config.js
2025-12-13 22:19:28,052 - INFO - RESTORED: /home/geehong/firemarkets-app/frontend/postcss.config.js was recovered to healthy state.
2025-12-13 22:19:28,052 - WARNING - Integrity violation detected in /home/geehong/firemarkets-app/frontend/prettier.config.js
2025-12-13 22:19:28,052 - INFO - RESTORED: /home/geehong/firemarkets-app/frontend/prettier.config.js was recovered to healthy state.
2025-12-13 22:43:31,391 - WARNING - Integrity violation detected in /home/geehong/firemarkets-app/frontend/postcss.config.js
2025-12-13 22:43:31,391 - INFO - RESTORED: /home/geehong/firemarkets-app/frontend/postcss.config.js was recovered to healthy state.
2025-12-13 22:43:31,391 - WARNING - Integrity violation detected in /home/geehong/firemarkets-app/frontend/prettier.config.js
2025-12-13 22:43:31,391 - INFO - RESTORED: /home/geehong/firemarkets-app/frontend/prettier.config.js was recovered to healthy state.
2025-12-13 23:06:44,726 - WARNING - Integrity violation detected in /home/geehong/firemarkets-app/frontend/postcss.config.js
2025-12-13 23:06:44,727 - INFO - RESTORED: /home/geehong/firemarkets-app/frontend/postcss.config.js was recovered to healthy state.
2025-12-13 23:06:44,727 - WARNING - Integrity violation detected in /home/geehong/firemarkets-app/frontend/prettier.config.js
2025-12-13 23:06:44,727 - INFO - RESTORED: /home/geehong/firemarkets-app/frontend/prettier.config.js was recovered to healthy state.
2025-12-13 23:30:02,053 - WARNING - Integrity violation detected in /home/geehong/firemarkets-app/frontend/postcss.config.js
2025-12-13 23:30:02,053 - INFO - RESTORED: /home/geehong/firemarkets-app/frontend/postcss.config.js was recovered to healthy state.
2025-12-13 23:30:02,054 - WARNING - Integrity violation detected in /home/geehong/firemarkets-app/frontend/prettier.config.js
2025-12-13 23:30:02,054 - INFO - RESTORED: /home/geehong/firemarkets-app/frontend/prettier.config.js was recovered to healthy state.
2025-12-13 23:53:14,391 - WARNING - Integrity violation detected in /home/geehong/firemarkets-app/frontend/postcss.config.js
2025-12-13 23:53:14,391 - INFO - RESTORED: /home/geehong/firemarkets-app/frontend/postcss.config.js was recovered to healthy state.
2025-12-13 23:53:14,391 - WARNING - Integrity violation detected in /home/geehong/firemarkets-app/frontend/prettier.config.js
2025-12-13 23:53:14,391 - INFO - RESTORED: /home/geehong/firemarkets-app/frontend/prettier.config.js was recovered to healthy state.
